[17/06/01 10:53:39:308]	[fiveTigerDemo.MessageEndpoint-onOpen] [INFO]	Open session 3
[17/06/01 10:54:30:199]	[fiveTigerDemo.MessageEndpoint-onClose] [INFO]	Session 3 is closed.
[17/06/01 10:54:30:228]	[fiveTigerDemo.MessageEndpoint-onOpen] [INFO]	Open session 4
[17/06/01 10:54:46:736]	[fiveTigerDemo.MessageEndpoint-onClose] [INFO]	Session 4 is closed.
[17/06/01 10:54:46:766]	[fiveTigerDemo.MessageEndpoint-onOpen] [INFO]	Open session 5
[17/06/01 10:55:08:401]	[fiveTigerDemo.MessageEndpoint-onOpen] [INFO]	Open session 6
[17/06/01 10:55:34:286]	[fiveTigerDemo.MessageEndpoint-onOpen] [INFO]	Open session 7
[17/06/01 10:55:39:954]	[fiveTigerDemo.MessageEndpoint-onOpen] [INFO]	Open session 8
[17/06/01 10:55:51:115]	[fiveTigerDemo.MessageEndpoint-onClose] [INFO]	Session 8 is closed.
[17/06/01 14:14:41:463]	[fiveTigerDemo.MessageEndpoint-onOpen] [INFO]	Open session 0
[17/06/01 14:14:58:727]	[fiveTigerDemo.MessageEndpoint-onOpen] [INFO]	Open session 1
[17/06/01 14:17:37:834]	[fiveTigerDemo.MessageEndpoint-onClose] [INFO]	Session 0 is closed.
[17/06/01 14:17:38:207]	[fiveTigerDemo.MessageEndpoint-onOpen] [INFO]	Open session 2
[17/06/01 14:18:16:607]	[fiveTigerDemo.MessageEndpoint-onClose] [INFO]	Session 2 is closed.
[17/06/01 14:18:16:770]	[fiveTigerDemo.MessageEndpoint-onOpen] [INFO]	Open session 3
[17/06/01 14:19:01:878]	[fiveTigerDemo.MessageEndpoint-onClose] [INFO]	Session 3 is closed.
[17/06/01 14:19:02:036]	[fiveTigerDemo.MessageEndpoint-onOpen] [INFO]	Open session 4
[17/06/01 14:19:17:098]	[fiveTigerDemo.MessageEndpoint-onClose] [INFO]	Session 4 is closed.
[17/06/01 14:19:17:492]	[fiveTigerDemo.MessageEndpoint-onOpen] [INFO]	Open session 5
[17/06/01 14:19:46:116]	[fiveTigerDemo.MessageEndpoint-onClose] [INFO]	Session 5 is closed.
[17/06/01 14:19:46:850]	[fiveTigerDemo.MessageEndpoint-onOpen] [INFO]	Open session 6
[17/06/01 14:20:35:078]	[fiveTigerDemo.MessageEndpoint-onClose] [INFO]	Session 6 is closed.
[17/06/01 14:20:35:260]	[fiveTigerDemo.MessageEndpoint-onOpen] [INFO]	Open session 7
[17/06/01 14:21:01:419]	[fiveTigerDemo.MessageEndpoint-onClose] [INFO]	Session 7 is closed.
[17/06/01 14:21:01:583]	[fiveTigerDemo.MessageEndpoint-onOpen] [INFO]	Open session 8
[17/06/01 14:21:11:679]	[fiveTigerDemo.MessageEndpoint-onClose] [INFO]	Session 8 is closed.
[17/06/01 14:21:12:600]	[fiveTigerDemo.MessageEndpoint-onOpen] [INFO]	Open session 9
[17/06/01 14:23:45:806]	[fiveTigerDemo.MessageEndpoint-onClose] [INFO]	Session 9 is closed.
[17/06/01 14:23:45:980]	[fiveTigerDemo.MessageEndpoint-onOpen] [INFO]	Open session a
[17/06/01 14:23:48:895]	[fiveTigerDemo.MessageEndpoint-onClose] [INFO]	Session a is closed.
[17/06/01 14:23:49:274]	[fiveTigerDemo.MessageEndpoint-onOpen] [INFO]	Open session b
[17/06/01 14:23:53:070]	[fiveTigerDemo.MessageEndpoint-onClose] [INFO]	Session b is closed.
[17/06/01 14:23:53:236]	[fiveTigerDemo.MessageEndpoint-onOpen] [INFO]	Open session c
[17/06/01 14:23:55:676]	[fiveTigerDemo.MessageEndpoint-onClose] [INFO]	Session c is closed.
[17/06/01 14:23:56:310]	[fiveTigerDemo.MessageEndpoint-onOpen] [INFO]	Open session d
[17/06/01 14:24:13:487]	[fiveTigerDemo.MessageEndpoint-onClose] [INFO]	Session d is closed.
[17/06/01 14:24:13:651]	[fiveTigerDemo.MessageEndpoint-onOpen] [INFO]	Open session e
[17/06/01 14:24:36:281]	[fiveTigerDemo.MessageEndpoint-onClose] [INFO]	Session e is closed.
[17/06/01 14:24:36:354]	[fiveTigerDemo.MessageEndpoint-onOpen] [INFO]	Open session f
[17/06/01 14:24:38:218]	[fiveTigerDemo.MessageEndpoint-onClose] [INFO]	Session f is closed.
[17/06/01 14:24:38:281]	[fiveTigerDemo.MessageEndpoint-onOpen] [INFO]	Open session 10
[17/06/01 14:24:39:655]	[fiveTigerDemo.MessageEndpoint-onClose] [INFO]	Session 10 is closed.
[17/06/01 14:24:40:097]	[fiveTigerDemo.MessageEndpoint-onOpen] [INFO]	Open session 11
[17/06/01 14:25:02:889]	[fiveTigerDemo.MessageEndpoint-onClose] [INFO]	Session 11 is closed.
[17/06/01 14:25:03:063]	[fiveTigerDemo.MessageEndpoint-onOpen] [INFO]	Open session 12
[17/06/01 14:25:13:899]	[fiveTigerDemo.MessageEndpoint-onClose] [INFO]	Session 12 is closed.
[17/06/01 14:25:13:966]	[fiveTigerDemo.MessageEndpoint-onOpen] [INFO]	Open session 13
[17/06/01 14:26:03:373]	[fiveTigerDemo.MessageEndpoint-onClose] [INFO]	Session 13 is closed.
[17/06/01 14:26:03:439]	[fiveTigerDemo.MessageEndpoint-onOpen] [INFO]	Open session 14
[17/06/01 14:26:16:496]	[fiveTigerDemo.MessageEndpoint-onClose] [INFO]	Session 14 is closed.
[17/06/01 14:26:16:558]	[fiveTigerDemo.MessageEndpoint-onOpen] [INFO]	Open session 15
[17/06/01 14:39:50:235]	[fiveTigerDemo.MessageEndpoint-onClose] [INFO]	Session 15 is closed.
[17/06/01 14:39:50:312]	[fiveTigerDemo.MessageEndpoint-onOpen] [INFO]	Open session 16
[17/06/01 14:40:06:381]	[fiveTigerDemo.MessageEndpoint-onClose] [INFO]	Session 16 is closed.
[17/06/01 14:40:07:935]	[fiveTigerDemo.MessageEndpoint-onClose] [INFO]	Session 1 is closed.
[17/06/02 16:50:52:526]	[fiveTigerDemo.MessageEndpoint-onOpen] [INFO]	Open session 19
[17/06/02 16:51:25:273]	[fiveTigerDemo.MessageEndpoint-onClose] [INFO]	Session 19 is closed.
[17/06/02 16:51:25:554]	[fiveTigerDemo.MessageEndpoint-onOpen] [INFO]	Open session 1a
[17/06/02 16:53:20:062]	[fiveTigerDemo.MessageEndpoint-onClose] [INFO]	Session 1a is closed.
[17/06/02 16:53:20:520]	[fiveTigerDemo.MessageEndpoint-onOpen] [INFO]	Open session 1b
[17/06/02 16:53:26:614]	[fiveTigerDemo.MessageEndpoint-onOpen] [INFO]	Open session 1c
[17/06/02 16:53:51:059]	[fiveTigerDemo.MessageEndpoint-onClose] [INFO]	Session 1b is closed.
[17/06/02 16:53:54:063]	[fiveTigerDemo.MessageEndpoint-onOpen] [INFO]	Open session 1d
[17/06/02 16:54:18:845]	[fiveTigerDemo.MessageEndpoint-onClose] [INFO]	Session 1d is closed.
[17/06/02 16:54:25:548]	[fiveTigerDemo.MessageEndpoint-onClose] [INFO]	Session 1c is closed.
[17/06/02 17:16:02:283]	[fiveTigerDemo.MessageEndpoint-onOpen] [INFO]	Open session 23
[17/06/02 17:16:07:333]	[fiveTigerDemo.MessageEndpoint-onOpen] [INFO]	Open session 24
[17/06/02 17:19:33:773]	[fiveTigerDemo.MessageEndpoint-onClose] [INFO]	Session 24 is closed.
[17/06/02 17:19:33:933]	[fiveTigerDemo.MessageEndpoint-onOpen] [INFO]	Open session 25
[17/06/02 17:19:57:765]	[fiveTigerDemo.MessageEndpoint-onClose] [INFO]	Session 25 is closed.
[17/06/02 17:19:57:928]	[fiveTigerDemo.MessageEndpoint-onOpen] [INFO]	Open session 26
[17/06/02 17:20:31:095]	[fiveTigerDemo.MessageEndpoint-onClose] [INFO]	Session 26 is closed.
[17/06/02 17:20:31:253]	[fiveTigerDemo.MessageEndpoint-onOpen] [INFO]	Open session 27
[17/06/02 17:45:36:716]	[fiveTigerDemo.MessageEndpoint-onClose] [INFO]	Session 27 is closed.
[17/06/02 17:45:37:472]	[fiveTigerDemo.MessageEndpoint-onClose] [INFO]	Session 23 is closed.
